2025-01-27,16:06:17 [INFO] (app.py:app:316): Parsing config file /opt/homebrew/lib/python3.11/site-packages/tabpy/tabpy_server/app/../common/default.conf
2025-01-27,16:06:17 [DEBUG] (app.py:app:277): Parameter port set to "9004" from default value
2025-01-27,16:06:17 [DEBUG] (app.py:app:277): Parameter server_version set to "2.13.0" from default value
2025-01-27,16:06:17 [DEBUG] (app.py:app:277): Parameter evaluate_enabled set to "True" from default value
2025-01-27,16:06:17 [DEBUG] (app.py:app:277): Parameter evaluate_timeout set to "30" from default value
2025-01-27,16:06:17 [DEBUG] (app.py:app:277): Parameter upload_dir set to "/opt/homebrew/lib/python3.11/site-packages/tabpy/tmp/query_objects" from default value
2025-01-27,16:06:17 [DEBUG] (app.py:app:277): Parameter transfer_protocol set to "http" from default value
2025-01-27,16:06:17 [DEBUG] (app.py:app:284): Parameter certificate_file is not set
2025-01-27,16:06:17 [DEBUG] (app.py:app:284): Parameter key_file is not set
2025-01-27,16:06:17 [DEBUG] (app.py:app:277): Parameter minimum_tls_version set to "TLSv1_2" from default value
2025-01-27,16:06:17 [DEBUG] (app.py:app:277): Parameter state_file_path set to "/opt/homebrew/lib/python3.11/site-packages/tabpy/tabpy_server" from default value
2025-01-27,16:06:17 [DEBUG] (app.py:app:277): Parameter static_path set to "/opt/homebrew/lib/python3.11/site-packages/tabpy/tabpy_server/static" from default value
2025-01-27,16:06:17 [DEBUG] (app.py:app:284): Parameter TABPY_PWD_FILE is not set
2025-01-27,16:06:17 [DEBUG] (app.py:app:277): Parameter log_request_context set to "false" from default value
2025-01-27,16:06:17 [DEBUG] (app.py:app:277): Parameter max_request_size_in_mb set to "100" from default value
2025-01-27,16:06:17 [DEBUG] (app.py:app:277): Parameter gzip_enabled set to "True" from default value
2025-01-27,16:06:17 [DEBUG] (app.py:app:277): Parameter arrow_enabled set to "False" from default value
2025-01-27,16:06:17 [DEBUG] (app.py:app:277): Parameter arrowflight_port set to "13622" from default value
2025-01-27,16:06:17 [INFO] (app.py:app:381): Setting max request size to 104857600 bytes
2025-01-27,16:06:17 [INFO] (app.py:app:545): Loading state from state file /opt/homebrew/lib/python3.11/site-packages/tabpy/tabpy_server/state.ini
2025-01-27,16:06:17 [DEBUG] (app.py:app:397): Static pages folder set to "/opt/homebrew/lib/python3.11/site-packages/tabpy/tabpy_server/static"
2025-01-27,16:06:18 [INFO] (app.py:app:510): Password file is not specified: Authentication is not enabled
2025-01-27,16:06:18 [INFO] (app.py:app:429): Call context logging is disabled
2025-01-27,16:06:18 [INFO] (app.py:app:197): Initializing TabPy...
2025-01-27,16:06:18 [DEBUG] (selector_events.py:selector_events:54): Using selector: KqueueSelector
2025-01-27,16:06:18 [INFO] (callbacks.py:callbacks:43): Initializing TabPy Server...
2025-01-27,16:06:18 [DEBUG] (state.py:state:628): Loading option 'None' from section [Query Objects Service Versions]...
2025-01-27,16:06:18 [DEBUG] (state.py:state:650): Returning value '['get_cluster_scores', 'get_scores_and_clusters', 'get_tableau_scores', 'get_tableau_clusters']'
2025-01-27,16:06:18 [DEBUG] (state.py:state:628): Loading option 'get_cluster_scores' from section [Query Objects Service Versions]...
2025-01-27,16:06:18 [DEBUG] (state.py:state:650): Returning value '{"description": "Returns anomaly scores and cluster predictions", "type": "model", "version": 2, "dependencies": [], "target": null, "creation_time": 1737898366, "last_modified_time": 1737900599, "schema": null, "is_public": false}'
2025-01-27,16:06:18 [DEBUG] (state.py:state:628): Loading option 'get_cluster_scores' from section [Query Objects Docstrings]...
2025-01-27,16:06:18 [DEBUG] (state.py:state:650): Returning value '-- no docstring found in query function --'
2025-01-27,16:06:18 [DEBUG] (state.py:state:628): Loading option 'get_scores_and_clusters' from section [Query Objects Service Versions]...
2025-01-27,16:06:18 [DEBUG] (state.py:state:650): Returning value '{"description": "Returns anomaly scores and cluster predictions", "type": "model", "version": 2, "dependencies": [], "target": null, "creation_time": 1737901183, "last_modified_time": 1737901639, "schema": null, "is_public": false}'
2025-01-27,16:06:18 [DEBUG] (state.py:state:628): Loading option 'get_scores_and_clusters' from section [Query Objects Docstrings]...
2025-01-27,16:06:18 [DEBUG] (state.py:state:650): Returning value '-- no docstring found in query function --'
2025-01-27,16:06:18 [DEBUG] (state.py:state:628): Loading option 'get_tableau_scores' from section [Query Objects Service Versions]...
2025-01-27,16:06:18 [DEBUG] (state.py:state:650): Returning value '{"description": "Returns anomaly scores", "type": "model", "version": 12, "dependencies": [], "target": null, "creation_time": 1737901612, "last_modified_time": 1737984786, "schema": null, "is_public": false}'
2025-01-27,16:06:18 [DEBUG] (state.py:state:628): Loading option 'get_tableau_scores' from section [Query Objects Docstrings]...
2025-01-27,16:06:18 [DEBUG] (state.py:state:650): Returning value '-- no docstring found in query function --'
2025-01-27,16:06:18 [DEBUG] (state.py:state:628): Loading option 'get_tableau_clusters' from section [Query Objects Service Versions]...
2025-01-27,16:06:18 [DEBUG] (state.py:state:650): Returning value '{"description": "Returns cluster assignments", "type": "model", "version": 12, "dependencies": [], "target": null, "creation_time": 1737901613, "last_modified_time": 1737984787, "schema": null, "is_public": false}'
2025-01-27,16:06:18 [DEBUG] (state.py:state:628): Loading option 'get_tableau_clusters' from section [Query Objects Docstrings]...
2025-01-27,16:06:18 [DEBUG] (state.py:state:650): Returning value '-- no docstring found in query function --'
2025-01-27,16:06:18 [DEBUG] (state.py:state:148): Collected endpoints: {'get_cluster_scores': {'description': 'Returns anomaly scores and cluster predictions', 'type': 'model', 'version': 2, 'dependencies': [], 'target': None, 'creation_time': 1737898366, 'last_modified_time': 1737900599, 'schema': None, 'is_public': False, 'docstring': '-- no docstring found in query function --'}, 'get_scores_and_clusters': {'description': 'Returns anomaly scores and cluster predictions', 'type': 'model', 'version': 2, 'dependencies': [], 'target': None, 'creation_time': 1737901183, 'last_modified_time': 1737901639, 'schema': None, 'is_public': False, 'docstring': '-- no docstring found in query function --'}, 'get_tableau_scores': {'description': 'Returns anomaly scores', 'type': 'model', 'version': 12, 'dependencies': [], 'target': None, 'creation_time': 1737901612, 'last_modified_time': 1737984786, 'schema': None, 'is_public': False, 'docstring': '-- no docstring found in query function --'}, 'get_tableau_clusters': {'description': 'Returns cluster assignments', 'type': 'model', 'version': 12, 'dependencies': [], 'target': None, 'creation_time': 1737901613, 'last_modified_time': 1737984787, 'schema': None, 'is_public': False, 'docstring': '-- no docstring found in query function --'}}
2025-01-27,16:06:18 [INFO] (app.py:app:201): Done initializing TabPy.
2025-01-27,16:06:18 [INFO] (callbacks.py:callbacks:64): Initializing models...
2025-01-27,16:06:18 [DEBUG] (state.py:state:628): Loading option 'None' from section [Query Objects Service Versions]...
2025-01-27,16:06:18 [DEBUG] (state.py:state:650): Returning value '['get_cluster_scores', 'get_scores_and_clusters', 'get_tableau_scores', 'get_tableau_clusters']'
2025-01-27,16:06:18 [DEBUG] (state.py:state:628): Loading option 'get_cluster_scores' from section [Query Objects Service Versions]...
2025-01-27,16:06:18 [DEBUG] (state.py:state:650): Returning value '{"description": "Returns anomaly scores and cluster predictions", "type": "model", "version": 2, "dependencies": [], "target": null, "creation_time": 1737898366, "last_modified_time": 1737900599, "schema": null, "is_public": false}'
2025-01-27,16:06:18 [DEBUG] (state.py:state:628): Loading option 'get_cluster_scores' from section [Query Objects Docstrings]...
2025-01-27,16:06:18 [DEBUG] (state.py:state:650): Returning value '-- no docstring found in query function --'
2025-01-27,16:06:18 [DEBUG] (state.py:state:628): Loading option 'get_scores_and_clusters' from section [Query Objects Service Versions]...
2025-01-27,16:06:18 [DEBUG] (state.py:state:650): Returning value '{"description": "Returns anomaly scores and cluster predictions", "type": "model", "version": 2, "dependencies": [], "target": null, "creation_time": 1737901183, "last_modified_time": 1737901639, "schema": null, "is_public": false}'
2025-01-27,16:06:18 [DEBUG] (state.py:state:628): Loading option 'get_scores_and_clusters' from section [Query Objects Docstrings]...
2025-01-27,16:06:18 [DEBUG] (state.py:state:650): Returning value '-- no docstring found in query function --'
2025-01-27,16:06:18 [DEBUG] (state.py:state:628): Loading option 'get_tableau_scores' from section [Query Objects Service Versions]...
2025-01-27,16:06:18 [DEBUG] (state.py:state:650): Returning value '{"description": "Returns anomaly scores", "type": "model", "version": 12, "dependencies": [], "target": null, "creation_time": 1737901612, "last_modified_time": 1737984786, "schema": null, "is_public": false}'
2025-01-27,16:06:18 [DEBUG] (state.py:state:628): Loading option 'get_tableau_scores' from section [Query Objects Docstrings]...
2025-01-27,16:06:18 [DEBUG] (state.py:state:650): Returning value '-- no docstring found in query function --'
2025-01-27,16:06:18 [DEBUG] (state.py:state:628): Loading option 'get_tableau_clusters' from section [Query Objects Service Versions]...
2025-01-27,16:06:18 [DEBUG] (state.py:state:650): Returning value '{"description": "Returns cluster assignments", "type": "model", "version": 12, "dependencies": [], "target": null, "creation_time": 1737901613, "last_modified_time": 1737984787, "schema": null, "is_public": false}'
2025-01-27,16:06:18 [DEBUG] (state.py:state:628): Loading option 'get_tableau_clusters' from section [Query Objects Docstrings]...
2025-01-27,16:06:18 [DEBUG] (state.py:state:650): Returning value '-- no docstring found in query function --'
2025-01-27,16:06:18 [DEBUG] (state.py:state:148): Collected endpoints: {'get_cluster_scores': {'description': 'Returns anomaly scores and cluster predictions', 'type': 'model', 'version': 2, 'dependencies': [], 'target': None, 'creation_time': 1737898366, 'last_modified_time': 1737900599, 'schema': None, 'is_public': False, 'docstring': '-- no docstring found in query function --'}, 'get_scores_and_clusters': {'description': 'Returns anomaly scores and cluster predictions', 'type': 'model', 'version': 2, 'dependencies': [], 'target': None, 'creation_time': 1737901183, 'last_modified_time': 1737901639, 'schema': None, 'is_public': False, 'docstring': '-- no docstring found in query function --'}, 'get_tableau_scores': {'description': 'Returns anomaly scores', 'type': 'model', 'version': 12, 'dependencies': [], 'target': None, 'creation_time': 1737901612, 'last_modified_time': 1737984786, 'schema': None, 'is_public': False, 'docstring': '-- no docstring found in query function --'}, 'get_tableau_clusters': {'description': 'Returns cluster assignments', 'type': 'model', 'version': 12, 'dependencies': [], 'target': None, 'creation_time': 1737901613, 'last_modified_time': 1737984787, 'schema': None, 'is_public': False, 'docstring': '-- no docstring found in query function --'}}
2025-01-27,16:06:18 [INFO] (callbacks.py:callbacks:75): Load endpoint: get_cluster_scores, version: 2, type: model
2025-01-27,16:06:18 [DEBUG] (python_service.py:python_service:39): Received request LoadObject
2025-01-27,16:06:18 [DEBUG] (python_service.py:python_service:53): Returning response LoadInProgress(uri='get_cluster_scores', path='/opt/homebrew/lib/python3.11/site-packages/tabpy/tabpy_server/query_objects/get_cluster_scores/2', version=2, is_update=False, endpoint_type='model')
2025-01-27,16:06:18 [INFO] (python_service.py:python_service:89): Loading object:, URI=get_cluster_scores, URL=/opt/homebrew/lib/python3.11/site-packages/tabpy/tabpy_server/query_objects/get_cluster_scores/2, version=2, is_updated=False
2025-01-27,16:06:18 [INFO] (callbacks.py:callbacks:75): Load endpoint: get_scores_and_clusters, version: 2, type: model
2025-01-27,16:06:18 [DEBUG] (python_service.py:python_service:39): Received request LoadObject
2025-01-27,16:06:18 [DEBUG] (python_service.py:python_service:53): Returning response LoadInProgress(uri='get_scores_and_clusters', path='/opt/homebrew/lib/python3.11/site-packages/tabpy/tabpy_server/query_objects/get_scores_and_clusters/2', version=2, is_update=False, endpoint_type='model')
2025-01-27,16:06:18 [INFO] (callbacks.py:callbacks:75): Load endpoint: get_tableau_scores, version: 12, type: model
2025-01-27,16:06:18 [DEBUG] (python_service.py:python_service:39): Received request LoadObject
2025-01-27,16:06:18 [DEBUG] (python_service.py:python_service:53): Returning response LoadInProgress(uri='get_tableau_scores', path='/opt/homebrew/lib/python3.11/site-packages/tabpy/tabpy_server/query_objects/get_tableau_scores/12', version=12, is_update=False, endpoint_type='model')
2025-01-27,16:06:18 [INFO] (callbacks.py:callbacks:75): Load endpoint: get_tableau_clusters, version: 12, type: model
2025-01-27,16:06:18 [DEBUG] (python_service.py:python_service:39): Received request LoadObject
2025-01-27,16:06:18 [DEBUG] (python_service.py:python_service:53): Returning response LoadInProgress(uri='get_tableau_clusters', path='/opt/homebrew/lib/python3.11/site-packages/tabpy/tabpy_server/query_objects/get_tableau_clusters/12', version=12, is_update=False, endpoint_type='model')
2025-01-27,16:06:18 [INFO] (app.py:app:167): Web service listening on port 9004
2025-01-27,16:06:19 [INFO] (query_object.py:query_object:80): Loaded query object "CustomQueryObject" successfully
2025-01-27,16:06:19 [INFO] (python_service.py:python_service:89): Loading object:, URI=get_scores_and_clusters, URL=/opt/homebrew/lib/python3.11/site-packages/tabpy/tabpy_server/query_objects/get_scores_and_clusters/2, version=2, is_updated=False
2025-01-27,16:06:19 [INFO] (query_object.py:query_object:80): Loaded query object "CustomQueryObject" successfully
2025-01-27,16:06:19 [INFO] (python_service.py:python_service:89): Loading object:, URI=get_tableau_scores, URL=/opt/homebrew/lib/python3.11/site-packages/tabpy/tabpy_server/query_objects/get_tableau_scores/12, version=12, is_updated=False
2025-01-27,16:06:19 [INFO] (query_object.py:query_object:80): Loaded query object "CustomQueryObject" successfully
2025-01-27,16:06:19 [INFO] (python_service.py:python_service:89): Loading object:, URI=get_tableau_clusters, URL=/opt/homebrew/lib/python3.11/site-packages/tabpy/tabpy_server/query_objects/get_tableau_clusters/12, version=12, is_updated=False
2025-01-27,16:06:19 [INFO] (query_object.py:query_object:80): Loaded query object "CustomQueryObject" successfully
2025-01-27,16:07:20 [DEBUG] (base_handler.py:base_handler:115): Checking if need to handle authentication
2025-01-27,16:07:20 [DEBUG] (base_handler.py:base_handler:115): Handling authentication
2025-01-27,16:07:20 [INFO] (base_handler.py:base_handler:115): Authentication is not a required feature for API "v1"
2025-01-27,16:07:20 [DEBUG] (base_handler.py:base_handler:115): Checking request headers for authentication data
2025-01-27,16:07:20 [INFO] (base_handler.py:base_handler:115): Authorization header not found
2025-01-27,16:07:20 [DEBUG] (base_handler.py:base_handler:115): authentication not required, username and password are none
2025-01-27,16:07:20 [DEBUG] (state.py:state:526): Collecting Access-Control-Allow-Origin from state file ...
2025-01-27,16:07:20 [DEBUG] (state.py:state:628): Loading option 'Access-Control-Allow-Origin' from section [Service Info]...
2025-01-27,16:07:20 [DEBUG] (state.py:state:650): Returning value ''
2025-01-27,16:07:20 [DEBUG] (state.py:state:628): Loading option 'Access-Control-Allow-Headers' from section [Service Info]...
2025-01-27,16:07:20 [DEBUG] (state.py:state:650): Returning value ''
2025-01-27,16:07:20 [DEBUG] (state.py:state:628): Loading option 'Access-Control-Allow-Methods' from section [Service Info]...
2025-01-27,16:07:20 [DEBUG] (state.py:state:650): Returning value ''
2025-01-27,16:07:20 [DEBUG] (state.py:state:628): Loading option 'None' from section [Query Objects Service Versions]...
2025-01-27,16:07:20 [DEBUG] (state.py:state:650): Returning value '['get_cluster_scores', 'get_scores_and_clusters', 'get_tableau_scores', 'get_tableau_clusters']'
2025-01-27,16:07:20 [DEBUG] (state.py:state:628): Loading option 'get_cluster_scores' from section [Query Objects Service Versions]...
2025-01-27,16:07:20 [DEBUG] (state.py:state:650): Returning value '{"description": "Returns anomaly scores and cluster predictions", "type": "model", "version": 2, "dependencies": [], "target": null, "creation_time": 1737898366, "last_modified_time": 1737900599, "schema": null, "is_public": false}'
2025-01-27,16:07:20 [DEBUG] (state.py:state:628): Loading option 'get_cluster_scores' from section [Query Objects Docstrings]...
2025-01-27,16:07:20 [DEBUG] (state.py:state:650): Returning value '-- no docstring found in query function --'
2025-01-27,16:07:20 [DEBUG] (state.py:state:628): Loading option 'get_scores_and_clusters' from section [Query Objects Service Versions]...
2025-01-27,16:07:20 [DEBUG] (state.py:state:650): Returning value '{"description": "Returns anomaly scores and cluster predictions", "type": "model", "version": 2, "dependencies": [], "target": null, "creation_time": 1737901183, "last_modified_time": 1737901639, "schema": null, "is_public": false}'
2025-01-27,16:07:20 [DEBUG] (state.py:state:628): Loading option 'get_scores_and_clusters' from section [Query Objects Docstrings]...
2025-01-27,16:07:20 [DEBUG] (state.py:state:650): Returning value '-- no docstring found in query function --'
2025-01-27,16:07:20 [DEBUG] (state.py:state:628): Loading option 'get_tableau_scores' from section [Query Objects Service Versions]...
2025-01-27,16:07:20 [DEBUG] (state.py:state:650): Returning value '{"description": "Returns anomaly scores", "type": "model", "version": 12, "dependencies": [], "target": null, "creation_time": 1737901612, "last_modified_time": 1737984786, "schema": null, "is_public": false}'
2025-01-27,16:07:20 [DEBUG] (state.py:state:628): Loading option 'get_tableau_scores' from section [Query Objects Docstrings]...
2025-01-27,16:07:20 [DEBUG] (state.py:state:650): Returning value '-- no docstring found in query function --'
2025-01-27,16:07:20 [DEBUG] (state.py:state:628): Loading option 'get_tableau_clusters' from section [Query Objects Service Versions]...
2025-01-27,16:07:20 [DEBUG] (state.py:state:650): Returning value '{"description": "Returns cluster assignments", "type": "model", "version": 12, "dependencies": [], "target": null, "creation_time": 1737901613, "last_modified_time": 1737984787, "schema": null, "is_public": false}'
2025-01-27,16:07:20 [DEBUG] (state.py:state:628): Loading option 'get_tableau_clusters' from section [Query Objects Docstrings]...
2025-01-27,16:07:20 [DEBUG] (state.py:state:650): Returning value '-- no docstring found in query function --'
2025-01-27,16:07:20 [DEBUG] (state.py:state:148): Collected endpoints: {'get_cluster_scores': {'description': 'Returns anomaly scores and cluster predictions', 'type': 'model', 'version': 2, 'dependencies': [], 'target': None, 'creation_time': 1737898366, 'last_modified_time': 1737900599, 'schema': None, 'is_public': False, 'docstring': '-- no docstring found in query function --'}, 'get_scores_and_clusters': {'description': 'Returns anomaly scores and cluster predictions', 'type': 'model', 'version': 2, 'dependencies': [], 'target': None, 'creation_time': 1737901183, 'last_modified_time': 1737901639, 'schema': None, 'is_public': False, 'docstring': '-- no docstring found in query function --'}, 'get_tableau_scores': {'description': 'Returns anomaly scores', 'type': 'model', 'version': 12, 'dependencies': [], 'target': None, 'creation_time': 1737901612, 'last_modified_time': 1737984786, 'schema': None, 'is_public': False, 'docstring': '-- no docstring found in query function --'}, 'get_tableau_clusters': {'description': 'Returns cluster assignments', 'type': 'model', 'version': 12, 'dependencies': [], 'target': None, 'creation_time': 1737901613, 'last_modified_time': 1737984787, 'schema': None, 'is_public': False, 'docstring': '-- no docstring found in query function --'}}
2025-01-27,16:07:20 [INFO] (web.py:web:2348): 200 GET /endpoints (::1) 3.28ms
2025-01-27,16:07:20 [DEBUG] (base_handler.py:base_handler:115): Checking if need to handle authentication
2025-01-27,16:07:20 [DEBUG] (base_handler.py:base_handler:115): Handling authentication
2025-01-27,16:07:20 [INFO] (base_handler.py:base_handler:115): Authentication is not a required feature for API "v1"
2025-01-27,16:07:20 [DEBUG] (base_handler.py:base_handler:115): Checking request headers for authentication data
2025-01-27,16:07:20 [INFO] (base_handler.py:base_handler:115): Authorization header not found
2025-01-27,16:07:20 [DEBUG] (base_handler.py:base_handler:115): authentication not required, username and password are none
2025-01-27,16:07:20 [INFO] (web.py:web:2348): 200 GET /configurations/endpoint_upload_destination (::1) 0.49ms
2025-01-27,16:07:20 [DEBUG] (base_handler.py:base_handler:115): Checking if need to handle authentication
2025-01-27,16:07:20 [DEBUG] (base_handler.py:base_handler:115): Handling authentication
2025-01-27,16:07:20 [INFO] (base_handler.py:base_handler:115): Authentication is not a required feature for API "v1"
2025-01-27,16:07:20 [DEBUG] (base_handler.py:base_handler:115): Checking request headers for authentication data
2025-01-27,16:07:20 [INFO] (base_handler.py:base_handler:115): Authorization header not found
2025-01-27,16:07:20 [DEBUG] (base_handler.py:base_handler:115): authentication not required, username and password are none
2025-01-27,16:07:20 [DEBUG] (base_handler.py:base_handler:115): Processing PUT for /endpoints/get_tableau_scores
2025-01-27,16:07:20 [DEBUG] (state.py:state:628): Loading option 'get_tableau_scores' from section [Query Objects Service Versions]...
2025-01-27,16:07:20 [DEBUG] (state.py:state:650): Returning value '{"description": "Returns anomaly scores", "type": "model", "version": 12, "dependencies": [], "target": null, "creation_time": 1737901612, "last_modified_time": 1737984786, "schema": null, "is_public": false}'
2025-01-27,16:07:20 [DEBUG] (state.py:state:628): Loading option 'get_tableau_scores' from section [Query Objects Docstrings]...
2025-01-27,16:07:20 [DEBUG] (state.py:state:650): Returning value '-- no docstring found in query function --'
2025-01-27,16:07:20 [DEBUG] (state.py:state:148): Collected endpoints: {'get_tableau_scores': {'description': 'Returns anomaly scores', 'type': 'model', 'version': 12, 'dependencies': [], 'target': None, 'creation_time': 1737901612, 'last_modified_time': 1737984786, 'schema': None, 'is_public': False, 'docstring': '-- no docstring found in query function --'}}
2025-01-27,16:07:20 [INFO] (base_handler.py:base_handler:115): Endpoint info: {'name': 'get_tableau_scores', 'description': 'Returns anomaly scores', 'dependencies': [], 'type': 'model', 'docstring': '-- no docstring found in query function --', 'required_packages': [], 'is_public': False, 'methods': [{'method': 'query'}], 'required_files': [], 'version': 13, 'src_path': '/opt/homebrew/lib/python3.11/site-packages/tabpy/tabpy_server/staging/endpoints/get_tableau_scores/13', 'should_update_version': True}
2025-01-27,16:07:20 [DEBUG] (base_handler.py:base_handler:115): Adding/updating model get_tableau_scores...
2025-01-27,16:07:20 [DEBUG] (state.py:state:628): Loading option 'None' from section [Query Objects Service Versions]...
2025-01-27,16:07:20 [DEBUG] (state.py:state:650): Returning value '['get_cluster_scores', 'get_scores_and_clusters', 'get_tableau_scores', 'get_tableau_clusters']'
2025-01-27,16:07:20 [DEBUG] (state.py:state:628): Loading option 'get_cluster_scores' from section [Query Objects Service Versions]...
2025-01-27,16:07:20 [DEBUG] (state.py:state:650): Returning value '{"description": "Returns anomaly scores and cluster predictions", "type": "model", "version": 2, "dependencies": [], "target": null, "creation_time": 1737898366, "last_modified_time": 1737900599, "schema": null, "is_public": false}'
2025-01-27,16:07:20 [DEBUG] (state.py:state:628): Loading option 'get_cluster_scores' from section [Query Objects Docstrings]...
2025-01-27,16:07:20 [DEBUG] (state.py:state:650): Returning value '-- no docstring found in query function --'
2025-01-27,16:07:20 [DEBUG] (state.py:state:628): Loading option 'get_scores_and_clusters' from section [Query Objects Service Versions]...
2025-01-27,16:07:20 [DEBUG] (state.py:state:650): Returning value '{"description": "Returns anomaly scores and cluster predictions", "type": "model", "version": 2, "dependencies": [], "target": null, "creation_time": 1737901183, "last_modified_time": 1737901639, "schema": null, "is_public": false}'
2025-01-27,16:07:20 [DEBUG] (state.py:state:628): Loading option 'get_scores_and_clusters' from section [Query Objects Docstrings]...
2025-01-27,16:07:20 [DEBUG] (state.py:state:650): Returning value '-- no docstring found in query function --'
2025-01-27,16:07:20 [DEBUG] (state.py:state:628): Loading option 'get_tableau_scores' from section [Query Objects Service Versions]...
2025-01-27,16:07:20 [DEBUG] (state.py:state:650): Returning value '{"description": "Returns anomaly scores", "type": "model", "version": 12, "dependencies": [], "target": null, "creation_time": 1737901612, "last_modified_time": 1737984786, "schema": null, "is_public": false}'
2025-01-27,16:07:20 [DEBUG] (state.py:state:628): Loading option 'get_tableau_scores' from section [Query Objects Docstrings]...
2025-01-27,16:07:20 [DEBUG] (state.py:state:650): Returning value '-- no docstring found in query function --'
2025-01-27,16:07:20 [DEBUG] (state.py:state:628): Loading option 'get_tableau_clusters' from section [Query Objects Service Versions]...
2025-01-27,16:07:20 [DEBUG] (state.py:state:650): Returning value '{"description": "Returns cluster assignments", "type": "model", "version": 12, "dependencies": [], "target": null, "creation_time": 1737901613, "last_modified_time": 1737984787, "schema": null, "is_public": false}'
2025-01-27,16:07:20 [DEBUG] (state.py:state:628): Loading option 'get_tableau_clusters' from section [Query Objects Docstrings]...
2025-01-27,16:07:20 [DEBUG] (state.py:state:650): Returning value '-- no docstring found in query function --'
2025-01-27,16:07:20 [DEBUG] (state.py:state:148): Collected endpoints: {'get_cluster_scores': {'description': 'Returns anomaly scores and cluster predictions', 'type': 'model', 'version': 2, 'dependencies': [], 'target': None, 'creation_time': 1737898366, 'last_modified_time': 1737900599, 'schema': None, 'is_public': False, 'docstring': '-- no docstring found in query function --'}, 'get_scores_and_clusters': {'description': 'Returns anomaly scores and cluster predictions', 'type': 'model', 'version': 2, 'dependencies': [], 'target': None, 'creation_time': 1737901183, 'last_modified_time': 1737901639, 'schema': None, 'is_public': False, 'docstring': '-- no docstring found in query function --'}, 'get_tableau_scores': {'description': 'Returns anomaly scores', 'type': 'model', 'version': 12, 'dependencies': [], 'target': None, 'creation_time': 1737901612, 'last_modified_time': 1737984786, 'schema': None, 'is_public': False, 'docstring': '-- no docstring found in query function --'}, 'get_tableau_clusters': {'description': 'Returns cluster assignments', 'type': 'model', 'version': 12, 'dependencies': [], 'target': None, 'creation_time': 1737901613, 'last_modified_time': 1737984787, 'schema': None, 'is_public': False, 'docstring': '-- no docstring found in query function --'}}
2025-01-27,16:07:20 [DEBUG] (state.py:state:628): Loading option 'None' from section [Query Objects Service Versions]...
2025-01-27,16:07:20 [DEBUG] (state.py:state:650): Returning value '['get_cluster_scores', 'get_scores_and_clusters', 'get_tableau_scores', 'get_tableau_clusters']'
2025-01-27,16:07:20 [DEBUG] (state.py:state:628): Loading option 'get_cluster_scores' from section [Query Objects Service Versions]...
2025-01-27,16:07:20 [DEBUG] (state.py:state:650): Returning value '{"description": "Returns anomaly scores and cluster predictions", "type": "model", "version": 2, "dependencies": [], "target": null, "creation_time": 1737898366, "last_modified_time": 1737900599, "schema": null, "is_public": false}'
2025-01-27,16:07:20 [DEBUG] (state.py:state:628): Loading option 'get_cluster_scores' from section [Query Objects Docstrings]...
2025-01-27,16:07:20 [DEBUG] (state.py:state:650): Returning value '-- no docstring found in query function --'
2025-01-27,16:07:20 [DEBUG] (state.py:state:628): Loading option 'get_scores_and_clusters' from section [Query Objects Service Versions]...
2025-01-27,16:07:20 [DEBUG] (state.py:state:650): Returning value '{"description": "Returns anomaly scores and cluster predictions", "type": "model", "version": 2, "dependencies": [], "target": null, "creation_time": 1737901183, "last_modified_time": 1737901639, "schema": null, "is_public": false}'
2025-01-27,16:07:20 [DEBUG] (state.py:state:628): Loading option 'get_scores_and_clusters' from section [Query Objects Docstrings]...
2025-01-27,16:07:20 [DEBUG] (state.py:state:650): Returning value '-- no docstring found in query function --'
2025-01-27,16:07:20 [DEBUG] (state.py:state:628): Loading option 'get_tableau_scores' from section [Query Objects Service Versions]...
2025-01-27,16:07:20 [DEBUG] (state.py:state:650): Returning value '{"description": "Returns anomaly scores", "type": "model", "version": 12, "dependencies": [], "target": null, "creation_time": 1737901612, "last_modified_time": 1737984786, "schema": null, "is_public": false}'
2025-01-27,16:07:20 [DEBUG] (state.py:state:628): Loading option 'get_tableau_scores' from section [Query Objects Docstrings]...
2025-01-27,16:07:20 [DEBUG] (state.py:state:650): Returning value '-- no docstring found in query function --'
2025-01-27,16:07:20 [DEBUG] (state.py:state:628): Loading option 'get_tableau_clusters' from section [Query Objects Service Versions]...
2025-01-27,16:07:20 [DEBUG] (state.py:state:650): Returning value '{"description": "Returns cluster assignments", "type": "model", "version": 12, "dependencies": [], "target": null, "creation_time": 1737901613, "last_modified_time": 1737984787, "schema": null, "is_public": false}'
2025-01-27,16:07:20 [DEBUG] (state.py:state:628): Loading option 'get_tableau_clusters' from section [Query Objects Docstrings]...
2025-01-27,16:07:20 [DEBUG] (state.py:state:650): Returning value '-- no docstring found in query function --'
2025-01-27,16:07:20 [DEBUG] (state.py:state:148): Collected endpoints: {'get_cluster_scores': {'description': 'Returns anomaly scores and cluster predictions', 'type': 'model', 'version': 2, 'dependencies': [], 'target': None, 'creation_time': 1737898366, 'last_modified_time': 1737900599, 'schema': None, 'is_public': False, 'docstring': '-- no docstring found in query function --'}, 'get_scores_and_clusters': {'description': 'Returns anomaly scores and cluster predictions', 'type': 'model', 'version': 2, 'dependencies': [], 'target': None, 'creation_time': 1737901183, 'last_modified_time': 1737901639, 'schema': None, 'is_public': False, 'docstring': '-- no docstring found in query function --'}, 'get_tableau_scores': {'description': 'Returns anomaly scores', 'type': 'model', 'version': 12, 'dependencies': [], 'target': None, 'creation_time': 1737901612, 'last_modified_time': 1737984786, 'schema': None, 'is_public': False, 'docstring': '-- no docstring found in query function --'}, 'get_tableau_clusters': {'description': 'Returns cluster assignments', 'type': 'model', 'version': 12, 'dependencies': [], 'target': None, 'creation_time': 1737901613, 'last_modified_time': 1737984787, 'schema': None, 'is_public': False, 'docstring': '-- no docstring found in query function --'}}
2025-01-27,16:07:20 [INFO] (state.py:state:657): Writing state to config
2025-01-27,16:07:20 [DEBUG] (util.py:util:19): State path is /opt/homebrew/lib/python3.11/site-packages/tabpy/tabpy_server
2025-01-27,16:07:20 [INFO] (state.py:state:657): Writing state to config
2025-01-27,16:07:20 [DEBUG] (util.py:util:19): State path is /opt/homebrew/lib/python3.11/site-packages/tabpy/tabpy_server
2025-01-27,16:07:20 [INFO] (state.py:state:657): Writing state to config
2025-01-27,16:07:20 [DEBUG] (util.py:util:19): State path is /opt/homebrew/lib/python3.11/site-packages/tabpy/tabpy_server
2025-01-27,16:07:20 [INFO] (state.py:state:657): Writing state to config
2025-01-27,16:07:20 [DEBUG] (util.py:util:19): State path is /opt/homebrew/lib/python3.11/site-packages/tabpy/tabpy_server
2025-01-27,16:07:20 [INFO] (state.py:state:657): Writing state to config
2025-01-27,16:07:20 [DEBUG] (util.py:util:19): State path is /opt/homebrew/lib/python3.11/site-packages/tabpy/tabpy_server
2025-01-27,16:07:20 [INFO] (state.py:state:657): Writing state to config
2025-01-27,16:07:20 [DEBUG] (util.py:util:19): State path is /opt/homebrew/lib/python3.11/site-packages/tabpy/tabpy_server
2025-01-27,16:07:20 [INFO] (state.py:state:657): Writing state to config
2025-01-27,16:07:20 [DEBUG] (util.py:util:19): State path is /opt/homebrew/lib/python3.11/site-packages/tabpy/tabpy_server
2025-01-27,16:07:20 [INFO] (state.py:state:657): Writing state to config
2025-01-27,16:07:20 [DEBUG] (util.py:util:19): State path is /opt/homebrew/lib/python3.11/site-packages/tabpy/tabpy_server
2025-01-27,16:07:20 [INFO] (base_handler.py:base_handler:115): Loading state from state file
2025-01-27,16:07:20 [DEBUG] (state.py:state:628): Loading option 'None' from section [Query Objects Service Versions]...
2025-01-27,16:07:20 [DEBUG] (state.py:state:650): Returning value '['get_cluster_scores', 'get_scores_and_clusters', 'get_tableau_scores', 'get_tableau_clusters']'
2025-01-27,16:07:20 [DEBUG] (state.py:state:628): Loading option 'get_cluster_scores' from section [Query Objects Service Versions]...
2025-01-27,16:07:20 [DEBUG] (state.py:state:650): Returning value '{"description": "Returns anomaly scores and cluster predictions", "type": "model", "version": 2, "dependencies": [], "target": null, "creation_time": 1737898366, "last_modified_time": 1737900599, "schema": null, "is_public": false}'
2025-01-27,16:07:20 [DEBUG] (state.py:state:628): Loading option 'get_cluster_scores' from section [Query Objects Docstrings]...
2025-01-27,16:07:20 [DEBUG] (state.py:state:650): Returning value '-- no docstring found in query function --'
2025-01-27,16:07:20 [DEBUG] (state.py:state:628): Loading option 'get_scores_and_clusters' from section [Query Objects Service Versions]...
2025-01-27,16:07:20 [DEBUG] (state.py:state:650): Returning value '{"description": "Returns anomaly scores and cluster predictions", "type": "model", "version": 2, "dependencies": [], "target": null, "creation_time": 1737901183, "last_modified_time": 1737901639, "schema": null, "is_public": false}'
2025-01-27,16:07:20 [DEBUG] (state.py:state:628): Loading option 'get_scores_and_clusters' from section [Query Objects Docstrings]...
2025-01-27,16:07:20 [DEBUG] (state.py:state:650): Returning value '-- no docstring found in query function --'
2025-01-27,16:07:20 [DEBUG] (state.py:state:628): Loading option 'get_tableau_scores' from section [Query Objects Service Versions]...
2025-01-27,16:07:20 [DEBUG] (state.py:state:650): Returning value '{"description": "Returns anomaly scores", "type": "model", "version": 13, "dependencies": [], "target": null, "creation_time": 1737901612, "last_modified_time": 1737990440, "schema": null, "is_public": false}'
2025-01-27,16:07:20 [DEBUG] (state.py:state:628): Loading option 'get_tableau_scores' from section [Query Objects Docstrings]...
2025-01-27,16:07:20 [DEBUG] (state.py:state:650): Returning value '-- no docstring found in query function --'
2025-01-27,16:07:20 [DEBUG] (state.py:state:628): Loading option 'get_tableau_clusters' from section [Query Objects Service Versions]...
2025-01-27,16:07:20 [DEBUG] (state.py:state:650): Returning value '{"description": "Returns cluster assignments", "type": "model", "version": 12, "dependencies": [], "target": null, "creation_time": 1737901613, "last_modified_time": 1737984787, "schema": null, "is_public": false}'
2025-01-27,16:07:20 [DEBUG] (state.py:state:628): Loading option 'get_tableau_clusters' from section [Query Objects Docstrings]...
2025-01-27,16:07:20 [DEBUG] (state.py:state:650): Returning value '-- no docstring found in query function --'
2025-01-27,16:07:20 [DEBUG] (state.py:state:148): Collected endpoints: {'get_cluster_scores': {'description': 'Returns anomaly scores and cluster predictions', 'type': 'model', 'version': 2, 'dependencies': [], 'target': None, 'creation_time': 1737898366, 'last_modified_time': 1737900599, 'schema': None, 'is_public': False, 'docstring': '-- no docstring found in query function --'}, 'get_scores_and_clusters': {'description': 'Returns anomaly scores and cluster predictions', 'type': 'model', 'version': 2, 'dependencies': [], 'target': None, 'creation_time': 1737901183, 'last_modified_time': 1737901639, 'schema': None, 'is_public': False, 'docstring': '-- no docstring found in query function --'}, 'get_tableau_scores': {'description': 'Returns anomaly scores', 'type': 'model', 'version': 13, 'dependencies': [], 'target': None, 'creation_time': 1737901612, 'last_modified_time': 1737990440, 'schema': None, 'is_public': False, 'docstring': '-- no docstring found in query function --'}, 'get_tableau_clusters': {'description': 'Returns cluster assignments', 'type': 'model', 'version': 12, 'dependencies': [], 'target': None, 'creation_time': 1737901613, 'last_modified_time': 1737984787, 'schema': None, 'is_public': False, 'docstring': '-- no docstring found in query function --'}}
2025-01-27,16:07:20 [DEBUG] (state.py:state:628): Loading option 'None' from section [Query Objects Service Versions]...
2025-01-27,16:07:20 [DEBUG] (state.py:state:650): Returning value '['get_cluster_scores', 'get_scores_and_clusters', 'get_tableau_scores', 'get_tableau_clusters']'
2025-01-27,16:07:20 [DEBUG] (state.py:state:628): Loading option 'get_cluster_scores' from section [Query Objects Service Versions]...
2025-01-27,16:07:20 [DEBUG] (state.py:state:650): Returning value '{"description": "Returns anomaly scores and cluster predictions", "type": "model", "version": 2, "dependencies": [], "target": null, "creation_time": 1737898366, "last_modified_time": 1737900599, "schema": null, "is_public": false}'
2025-01-27,16:07:20 [DEBUG] (state.py:state:628): Loading option 'get_cluster_scores' from section [Query Objects Docstrings]...
2025-01-27,16:07:20 [DEBUG] (state.py:state:650): Returning value '-- no docstring found in query function --'
2025-01-27,16:07:20 [DEBUG] (state.py:state:628): Loading option 'get_scores_and_clusters' from section [Query Objects Service Versions]...
2025-01-27,16:07:20 [DEBUG] (state.py:state:650): Returning value '{"description": "Returns anomaly scores and cluster predictions", "type": "model", "version": 2, "dependencies": [], "target": null, "creation_time": 1737901183, "last_modified_time": 1737901639, "schema": null, "is_public": false}'
2025-01-27,16:07:20 [DEBUG] (state.py:state:628): Loading option 'get_scores_and_clusters' from section [Query Objects Docstrings]...
2025-01-27,16:07:20 [DEBUG] (state.py:state:650): Returning value '-- no docstring found in query function --'
2025-01-27,16:07:20 [DEBUG] (state.py:state:628): Loading option 'get_tableau_scores' from section [Query Objects Service Versions]...
2025-01-27,16:07:20 [DEBUG] (state.py:state:650): Returning value '{"description": "Returns anomaly scores", "type": "model", "version": 13, "dependencies": [], "target": null, "creation_time": 1737901612, "last_modified_time": 1737990440, "schema": null, "is_public": false}'
2025-01-27,16:07:20 [DEBUG] (state.py:state:628): Loading option 'get_tableau_scores' from section [Query Objects Docstrings]...
2025-01-27,16:07:20 [DEBUG] (state.py:state:650): Returning value '-- no docstring found in query function --'
2025-01-27,16:07:20 [DEBUG] (state.py:state:628): Loading option 'get_tableau_clusters' from section [Query Objects Service Versions]...
2025-01-27,16:07:20 [DEBUG] (state.py:state:650): Returning value '{"description": "Returns cluster assignments", "type": "model", "version": 12, "dependencies": [], "target": null, "creation_time": 1737901613, "last_modified_time": 1737984787, "schema": null, "is_public": false}'
2025-01-27,16:07:20 [DEBUG] (state.py:state:628): Loading option 'get_tableau_clusters' from section [Query Objects Docstrings]...
2025-01-27,16:07:20 [DEBUG] (state.py:state:650): Returning value '-- no docstring found in query function --'
2025-01-27,16:07:20 [DEBUG] (state.py:state:148): Collected endpoints: {'get_cluster_scores': {'description': 'Returns anomaly scores and cluster predictions', 'type': 'model', 'version': 2, 'dependencies': [], 'target': None, 'creation_time': 1737898366, 'last_modified_time': 1737900599, 'schema': None, 'is_public': False, 'docstring': '-- no docstring found in query function --'}, 'get_scores_and_clusters': {'description': 'Returns anomaly scores and cluster predictions', 'type': 'model', 'version': 2, 'dependencies': [], 'target': None, 'creation_time': 1737901183, 'last_modified_time': 1737901639, 'schema': None, 'is_public': False, 'docstring': '-- no docstring found in query function --'}, 'get_tableau_scores': {'description': 'Returns anomaly scores', 'type': 'model', 'version': 13, 'dependencies': [], 'target': None, 'creation_time': 1737901612, 'last_modified_time': 1737990440, 'schema': None, 'is_public': False, 'docstring': '-- no docstring found in query function --'}, 'get_tableau_clusters': {'description': 'Returns cluster assignments', 'type': 'model', 'version': 12, 'dependencies': [], 'target': None, 'creation_time': 1737901613, 'last_modified_time': 1737984787, 'schema': None, 'is_public': False, 'docstring': '-- no docstring found in query function --'}}
2025-01-27,16:07:20 [DEBUG] (python_service.py:python_service:39): Received request LoadObject
2025-01-27,16:07:20 [DEBUG] (python_service.py:python_service:53): Returning response LoadInProgress(uri='get_tableau_scores', path='/opt/homebrew/lib/python3.11/site-packages/tabpy/tabpy_server/query_objects/get_tableau_scores/13', version=13, is_update=True, endpoint_type='model')
2025-01-27,16:07:20 [INFO] (python_service.py:python_service:89): Loading object:, URI=get_tableau_scores, URL=/opt/homebrew/lib/python3.11/site-packages/tabpy/tabpy_server/query_objects/get_tableau_scores/13, version=13, is_updated=True
2025-01-27,16:07:20 [INFO] (callbacks.py:callbacks:24): Waiting for object to be loaded...
2025-01-27,16:07:20 [DEBUG] (python_service.py:python_service:39): Received request ListObjects
2025-01-27,16:07:20 [INFO] (query_object.py:query_object:80): Loaded query object "CustomQueryObject" successfully
2025-01-27,16:07:20 [DEBUG] (python_service.py:python_service:53): Returning response ObjectList(objects={'get_cluster_scores': {'version': 2, 'type': 'model', 'status': 'LoadSuccessful', 'reason': None}, 'get_scores_and_clusters': {'version': 2, 'type': 'model', 'status': 'LoadSuccessful', 'reason': None}, 'get_tableau_scores': {'version': 12, 'type': 'model', 'status': 'LoadInProgress', 'reason': None}, 'get_tableau_clusters': {'version': 12, 'type': 'model', 'status': 'LoadSuccessful', 'reason': None}})
2025-01-27,16:07:20 [DEBUG] (python_service.py:python_service:39): Received request ListObjects
2025-01-27,16:07:20 [DEBUG] (python_service.py:python_service:53): Returning response ObjectList(objects={'get_cluster_scores': {'version': 2, 'type': 'model', 'status': 'LoadSuccessful', 'reason': None}, 'get_scores_and_clusters': {'version': 2, 'type': 'model', 'status': 'LoadSuccessful', 'reason': None}, 'get_tableau_scores': {'version': 13, 'type': 'model', 'status': 'LoadSuccessful', 'reason': None}, 'get_tableau_clusters': {'version': 12, 'type': 'model', 'status': 'LoadSuccessful', 'reason': None}})
2025-01-27,16:07:20 [INFO] (callbacks.py:callbacks:35): Object load status: LoadSuccessful
2025-01-27,16:07:20 [DEBUG] (state.py:state:628): Loading option 'get_tableau_scores' from section [Query Objects Service Versions]...
2025-01-27,16:07:20 [DEBUG] (state.py:state:650): Returning value '{"description": "Returns anomaly scores", "type": "model", "version": 13, "dependencies": [], "target": null, "creation_time": 1737901612, "last_modified_time": 1737990440, "schema": null, "is_public": false}'
2025-01-27,16:07:20 [DEBUG] (state.py:state:628): Loading option 'get_tableau_scores' from section [Query Objects Docstrings]...
2025-01-27,16:07:20 [DEBUG] (state.py:state:650): Returning value '-- no docstring found in query function --'
2025-01-27,16:07:20 [DEBUG] (state.py:state:148): Collected endpoints: {'get_tableau_scores': {'description': 'Returns anomaly scores', 'type': 'model', 'version': 13, 'dependencies': [], 'target': None, 'creation_time': 1737901612, 'last_modified_time': 1737990440, 'schema': None, 'is_public': False, 'docstring': '-- no docstring found in query function --'}}
2025-01-27,16:07:20 [INFO] (web.py:web:2348): 200 PUT /endpoints/get_tableau_scores (::1) 112.75ms
2025-01-27,16:07:21 [DEBUG] (base_handler.py:base_handler:115): Checking if need to handle authentication
2025-01-27,16:07:21 [DEBUG] (base_handler.py:base_handler:115): Handling authentication
2025-01-27,16:07:21 [INFO] (base_handler.py:base_handler:115): Authentication is not a required feature for API "v1"
2025-01-27,16:07:21 [DEBUG] (base_handler.py:base_handler:115): Checking request headers for authentication data
2025-01-27,16:07:21 [INFO] (base_handler.py:base_handler:115): Authorization header not found
2025-01-27,16:07:21 [DEBUG] (base_handler.py:base_handler:115): authentication not required, username and password are none
2025-01-27,16:07:21 [DEBUG] (state.py:state:526): Collecting Access-Control-Allow-Origin from state file ...
2025-01-27,16:07:21 [DEBUG] (state.py:state:628): Loading option 'Access-Control-Allow-Origin' from section [Service Info]...
2025-01-27,16:07:21 [DEBUG] (state.py:state:650): Returning value ''
2025-01-27,16:07:21 [DEBUG] (state.py:state:628): Loading option 'Access-Control-Allow-Headers' from section [Service Info]...
2025-01-27,16:07:21 [DEBUG] (state.py:state:650): Returning value ''
2025-01-27,16:07:21 [DEBUG] (state.py:state:628): Loading option 'Access-Control-Allow-Methods' from section [Service Info]...
2025-01-27,16:07:21 [DEBUG] (state.py:state:650): Returning value ''
2025-01-27,16:07:21 [DEBUG] (base_handler.py:base_handler:115): Found models: {'get_cluster_scores': {'version': 2, 'type': 'model', 'status': 'LoadSuccessful', 'last_error': None}, 'get_scores_and_clusters': {'version': 2, 'type': 'model', 'status': 'LoadSuccessful', 'last_error': None}, 'get_tableau_scores': {'version': 13, 'type': 'model', 'status': 'LoadSuccessful', 'last_error': None}, 'get_tableau_clusters': {'version': 12, 'type': 'model', 'status': 'LoadSuccessful', 'last_error': None}}
2025-01-27,16:07:21 [INFO] (web.py:web:2348): 200 GET /status (::1) 1.10ms
2025-01-27,16:07:21 [DEBUG] (base_handler.py:base_handler:115): Checking if need to handle authentication
2025-01-27,16:07:21 [DEBUG] (base_handler.py:base_handler:115): Handling authentication
2025-01-27,16:07:21 [INFO] (base_handler.py:base_handler:115): Authentication is not a required feature for API "v1"
2025-01-27,16:07:21 [DEBUG] (base_handler.py:base_handler:115): Checking request headers for authentication data
2025-01-27,16:07:21 [INFO] (base_handler.py:base_handler:115): Authorization header not found
2025-01-27,16:07:21 [DEBUG] (base_handler.py:base_handler:115): authentication not required, username and password are none
2025-01-27,16:07:21 [DEBUG] (state.py:state:526): Collecting Access-Control-Allow-Origin from state file ...
2025-01-27,16:07:21 [DEBUG] (state.py:state:628): Loading option 'Access-Control-Allow-Origin' from section [Service Info]...
2025-01-27,16:07:21 [DEBUG] (state.py:state:650): Returning value ''
2025-01-27,16:07:21 [DEBUG] (state.py:state:628): Loading option 'Access-Control-Allow-Headers' from section [Service Info]...
2025-01-27,16:07:21 [DEBUG] (state.py:state:650): Returning value ''
2025-01-27,16:07:21 [DEBUG] (state.py:state:628): Loading option 'Access-Control-Allow-Methods' from section [Service Info]...
2025-01-27,16:07:21 [DEBUG] (state.py:state:650): Returning value ''
2025-01-27,16:07:21 [DEBUG] (state.py:state:628): Loading option 'None' from section [Query Objects Service Versions]...
2025-01-27,16:07:21 [DEBUG] (state.py:state:650): Returning value '['get_cluster_scores', 'get_scores_and_clusters', 'get_tableau_scores', 'get_tableau_clusters']'
2025-01-27,16:07:21 [DEBUG] (state.py:state:628): Loading option 'get_cluster_scores' from section [Query Objects Service Versions]...
2025-01-27,16:07:21 [DEBUG] (state.py:state:650): Returning value '{"description": "Returns anomaly scores and cluster predictions", "type": "model", "version": 2, "dependencies": [], "target": null, "creation_time": 1737898366, "last_modified_time": 1737900599, "schema": null, "is_public": false}'
2025-01-27,16:07:21 [DEBUG] (state.py:state:628): Loading option 'get_cluster_scores' from section [Query Objects Docstrings]...
2025-01-27,16:07:21 [DEBUG] (state.py:state:650): Returning value '-- no docstring found in query function --'
2025-01-27,16:07:21 [DEBUG] (state.py:state:628): Loading option 'get_scores_and_clusters' from section [Query Objects Service Versions]...
2025-01-27,16:07:21 [DEBUG] (state.py:state:650): Returning value '{"description": "Returns anomaly scores and cluster predictions", "type": "model", "version": 2, "dependencies": [], "target": null, "creation_time": 1737901183, "last_modified_time": 1737901639, "schema": null, "is_public": false}'
2025-01-27,16:07:21 [DEBUG] (state.py:state:628): Loading option 'get_scores_and_clusters' from section [Query Objects Docstrings]...
2025-01-27,16:07:21 [DEBUG] (state.py:state:650): Returning value '-- no docstring found in query function --'
2025-01-27,16:07:21 [DEBUG] (state.py:state:628): Loading option 'get_tableau_scores' from section [Query Objects Service Versions]...
2025-01-27,16:07:21 [DEBUG] (state.py:state:650): Returning value '{"description": "Returns anomaly scores", "type": "model", "version": 13, "dependencies": [], "target": null, "creation_time": 1737901612, "last_modified_time": 1737990440, "schema": null, "is_public": false}'
2025-01-27,16:07:21 [DEBUG] (state.py:state:628): Loading option 'get_tableau_scores' from section [Query Objects Docstrings]...
2025-01-27,16:07:21 [DEBUG] (state.py:state:650): Returning value '-- no docstring found in query function --'
2025-01-27,16:07:21 [DEBUG] (state.py:state:628): Loading option 'get_tableau_clusters' from section [Query Objects Service Versions]...
2025-01-27,16:07:21 [DEBUG] (state.py:state:650): Returning value '{"description": "Returns cluster assignments", "type": "model", "version": 12, "dependencies": [], "target": null, "creation_time": 1737901613, "last_modified_time": 1737984787, "schema": null, "is_public": false}'
2025-01-27,16:07:21 [DEBUG] (state.py:state:628): Loading option 'get_tableau_clusters' from section [Query Objects Docstrings]...
2025-01-27,16:07:21 [DEBUG] (state.py:state:650): Returning value '-- no docstring found in query function --'
2025-01-27,16:07:21 [DEBUG] (state.py:state:148): Collected endpoints: {'get_cluster_scores': {'description': 'Returns anomaly scores and cluster predictions', 'type': 'model', 'version': 2, 'dependencies': [], 'target': None, 'creation_time': 1737898366, 'last_modified_time': 1737900599, 'schema': None, 'is_public': False, 'docstring': '-- no docstring found in query function --'}, 'get_scores_and_clusters': {'description': 'Returns anomaly scores and cluster predictions', 'type': 'model', 'version': 2, 'dependencies': [], 'target': None, 'creation_time': 1737901183, 'last_modified_time': 1737901639, 'schema': None, 'is_public': False, 'docstring': '-- no docstring found in query function --'}, 'get_tableau_scores': {'description': 'Returns anomaly scores', 'type': 'model', 'version': 13, 'dependencies': [], 'target': None, 'creation_time': 1737901612, 'last_modified_time': 1737990440, 'schema': None, 'is_public': False, 'docstring': '-- no docstring found in query function --'}, 'get_tableau_clusters': {'description': 'Returns cluster assignments', 'type': 'model', 'version': 12, 'dependencies': [], 'target': None, 'creation_time': 1737901613, 'last_modified_time': 1737984787, 'schema': None, 'is_public': False, 'docstring': '-- no docstring found in query function --'}}
2025-01-27,16:07:21 [INFO] (web.py:web:2348): 200 GET /endpoints (::1) 1.51ms
2025-01-27,16:07:21 [DEBUG] (base_handler.py:base_handler:115): Checking if need to handle authentication
2025-01-27,16:07:21 [DEBUG] (base_handler.py:base_handler:115): Handling authentication
2025-01-27,16:07:21 [INFO] (base_handler.py:base_handler:115): Authentication is not a required feature for API "v1"
2025-01-27,16:07:21 [DEBUG] (base_handler.py:base_handler:115): Checking request headers for authentication data
2025-01-27,16:07:21 [INFO] (base_handler.py:base_handler:115): Authorization header not found
2025-01-27,16:07:21 [DEBUG] (base_handler.py:base_handler:115): authentication not required, username and password are none
2025-01-27,16:07:21 [INFO] (web.py:web:2348): 200 GET /configurations/endpoint_upload_destination (::1) 0.76ms
2025-01-27,16:07:21 [DEBUG] (base_handler.py:base_handler:115): Checking if need to handle authentication
2025-01-27,16:07:21 [DEBUG] (base_handler.py:base_handler:115): Handling authentication
2025-01-27,16:07:21 [INFO] (base_handler.py:base_handler:115): Authentication is not a required feature for API "v1"
2025-01-27,16:07:21 [DEBUG] (base_handler.py:base_handler:115): Checking request headers for authentication data
2025-01-27,16:07:21 [INFO] (base_handler.py:base_handler:115): Authorization header not found
2025-01-27,16:07:21 [DEBUG] (base_handler.py:base_handler:115): authentication not required, username and password are none
2025-01-27,16:07:21 [DEBUG] (base_handler.py:base_handler:115): Processing PUT for /endpoints/get_tableau_clusters
2025-01-27,16:07:21 [DEBUG] (state.py:state:628): Loading option 'get_tableau_clusters' from section [Query Objects Service Versions]...
2025-01-27,16:07:21 [DEBUG] (state.py:state:650): Returning value '{"description": "Returns cluster assignments", "type": "model", "version": 12, "dependencies": [], "target": null, "creation_time": 1737901613, "last_modified_time": 1737984787, "schema": null, "is_public": false}'
2025-01-27,16:07:21 [DEBUG] (state.py:state:628): Loading option 'get_tableau_clusters' from section [Query Objects Docstrings]...
2025-01-27,16:07:21 [DEBUG] (state.py:state:650): Returning value '-- no docstring found in query function --'
2025-01-27,16:07:21 [DEBUG] (state.py:state:148): Collected endpoints: {'get_tableau_clusters': {'description': 'Returns cluster assignments', 'type': 'model', 'version': 12, 'dependencies': [], 'target': None, 'creation_time': 1737901613, 'last_modified_time': 1737984787, 'schema': None, 'is_public': False, 'docstring': '-- no docstring found in query function --'}}
2025-01-27,16:07:21 [INFO] (base_handler.py:base_handler:115): Endpoint info: {'name': 'get_tableau_clusters', 'description': 'Returns cluster assignments', 'dependencies': [], 'type': 'model', 'docstring': '-- no docstring found in query function --', 'required_packages': [], 'is_public': False, 'methods': [{'method': 'query'}], 'required_files': [], 'version': 13, 'src_path': '/opt/homebrew/lib/python3.11/site-packages/tabpy/tabpy_server/staging/endpoints/get_tableau_clusters/13', 'should_update_version': True}
2025-01-27,16:07:21 [DEBUG] (base_handler.py:base_handler:115): Adding/updating model get_tableau_clusters...
2025-01-27,16:07:21 [DEBUG] (state.py:state:628): Loading option 'None' from section [Query Objects Service Versions]...
2025-01-27,16:07:21 [DEBUG] (state.py:state:650): Returning value '['get_cluster_scores', 'get_scores_and_clusters', 'get_tableau_scores', 'get_tableau_clusters']'
2025-01-27,16:07:21 [DEBUG] (state.py:state:628): Loading option 'get_cluster_scores' from section [Query Objects Service Versions]...
2025-01-27,16:07:21 [DEBUG] (state.py:state:650): Returning value '{"description": "Returns anomaly scores and cluster predictions", "type": "model", "version": 2, "dependencies": [], "target": null, "creation_time": 1737898366, "last_modified_time": 1737900599, "schema": null, "is_public": false}'
2025-01-27,16:07:21 [DEBUG] (state.py:state:628): Loading option 'get_cluster_scores' from section [Query Objects Docstrings]...
2025-01-27,16:07:21 [DEBUG] (state.py:state:650): Returning value '-- no docstring found in query function --'
2025-01-27,16:07:21 [DEBUG] (state.py:state:628): Loading option 'get_scores_and_clusters' from section [Query Objects Service Versions]...
2025-01-27,16:07:21 [DEBUG] (state.py:state:650): Returning value '{"description": "Returns anomaly scores and cluster predictions", "type": "model", "version": 2, "dependencies": [], "target": null, "creation_time": 1737901183, "last_modified_time": 1737901639, "schema": null, "is_public": false}'
2025-01-27,16:07:21 [DEBUG] (state.py:state:628): Loading option 'get_scores_and_clusters' from section [Query Objects Docstrings]...
2025-01-27,16:07:21 [DEBUG] (state.py:state:650): Returning value '-- no docstring found in query function --'
2025-01-27,16:07:21 [DEBUG] (state.py:state:628): Loading option 'get_tableau_scores' from section [Query Objects Service Versions]...
2025-01-27,16:07:21 [DEBUG] (state.py:state:650): Returning value '{"description": "Returns anomaly scores", "type": "model", "version": 13, "dependencies": [], "target": null, "creation_time": 1737901612, "last_modified_time": 1737990440, "schema": null, "is_public": false}'
2025-01-27,16:07:21 [DEBUG] (state.py:state:628): Loading option 'get_tableau_scores' from section [Query Objects Docstrings]...
2025-01-27,16:07:21 [DEBUG] (state.py:state:650): Returning value '-- no docstring found in query function --'
2025-01-27,16:07:21 [DEBUG] (state.py:state:628): Loading option 'get_tableau_clusters' from section [Query Objects Service Versions]...
2025-01-27,16:07:21 [DEBUG] (state.py:state:650): Returning value '{"description": "Returns cluster assignments", "type": "model", "version": 12, "dependencies": [], "target": null, "creation_time": 1737901613, "last_modified_time": 1737984787, "schema": null, "is_public": false}'
2025-01-27,16:07:21 [DEBUG] (state.py:state:628): Loading option 'get_tableau_clusters' from section [Query Objects Docstrings]...
2025-01-27,16:07:21 [DEBUG] (state.py:state:650): Returning value '-- no docstring found in query function --'
2025-01-27,16:07:21 [DEBUG] (state.py:state:148): Collected endpoints: {'get_cluster_scores': {'description': 'Returns anomaly scores and cluster predictions', 'type': 'model', 'version': 2, 'dependencies': [], 'target': None, 'creation_time': 1737898366, 'last_modified_time': 1737900599, 'schema': None, 'is_public': False, 'docstring': '-- no docstring found in query function --'}, 'get_scores_and_clusters': {'description': 'Returns anomaly scores and cluster predictions', 'type': 'model', 'version': 2, 'dependencies': [], 'target': None, 'creation_time': 1737901183, 'last_modified_time': 1737901639, 'schema': None, 'is_public': False, 'docstring': '-- no docstring found in query function --'}, 'get_tableau_scores': {'description': 'Returns anomaly scores', 'type': 'model', 'version': 13, 'dependencies': [], 'target': None, 'creation_time': 1737901612, 'last_modified_time': 1737990440, 'schema': None, 'is_public': False, 'docstring': '-- no docstring found in query function --'}, 'get_tableau_clusters': {'description': 'Returns cluster assignments', 'type': 'model', 'version': 12, 'dependencies': [], 'target': None, 'creation_time': 1737901613, 'last_modified_time': 1737984787, 'schema': None, 'is_public': False, 'docstring': '-- no docstring found in query function --'}}
2025-01-27,16:07:21 [DEBUG] (state.py:state:628): Loading option 'None' from section [Query Objects Service Versions]...
2025-01-27,16:07:21 [DEBUG] (state.py:state:650): Returning value '['get_cluster_scores', 'get_scores_and_clusters', 'get_tableau_scores', 'get_tableau_clusters']'
2025-01-27,16:07:21 [DEBUG] (state.py:state:628): Loading option 'get_cluster_scores' from section [Query Objects Service Versions]...
2025-01-27,16:07:21 [DEBUG] (state.py:state:650): Returning value '{"description": "Returns anomaly scores and cluster predictions", "type": "model", "version": 2, "dependencies": [], "target": null, "creation_time": 1737898366, "last_modified_time": 1737900599, "schema": null, "is_public": false}'
2025-01-27,16:07:21 [DEBUG] (state.py:state:628): Loading option 'get_cluster_scores' from section [Query Objects Docstrings]...
2025-01-27,16:07:21 [DEBUG] (state.py:state:650): Returning value '-- no docstring found in query function --'
2025-01-27,16:07:21 [DEBUG] (state.py:state:628): Loading option 'get_scores_and_clusters' from section [Query Objects Service Versions]...
2025-01-27,16:07:21 [DEBUG] (state.py:state:650): Returning value '{"description": "Returns anomaly scores and cluster predictions", "type": "model", "version": 2, "dependencies": [], "target": null, "creation_time": 1737901183, "last_modified_time": 1737901639, "schema": null, "is_public": false}'
2025-01-27,16:07:21 [DEBUG] (state.py:state:628): Loading option 'get_scores_and_clusters' from section [Query Objects Docstrings]...
2025-01-27,16:07:21 [DEBUG] (state.py:state:650): Returning value '-- no docstring found in query function --'
2025-01-27,16:07:21 [DEBUG] (state.py:state:628): Loading option 'get_tableau_scores' from section [Query Objects Service Versions]...
2025-01-27,16:07:21 [DEBUG] (state.py:state:650): Returning value '{"description": "Returns anomaly scores", "type": "model", "version": 13, "dependencies": [], "target": null, "creation_time": 1737901612, "last_modified_time": 1737990440, "schema": null, "is_public": false}'
2025-01-27,16:07:21 [DEBUG] (state.py:state:628): Loading option 'get_tableau_scores' from section [Query Objects Docstrings]...
2025-01-27,16:07:21 [DEBUG] (state.py:state:650): Returning value '-- no docstring found in query function --'
2025-01-27,16:07:21 [DEBUG] (state.py:state:628): Loading option 'get_tableau_clusters' from section [Query Objects Service Versions]...
2025-01-27,16:07:21 [DEBUG] (state.py:state:650): Returning value '{"description": "Returns cluster assignments", "type": "model", "version": 12, "dependencies": [], "target": null, "creation_time": 1737901613, "last_modified_time": 1737984787, "schema": null, "is_public": false}'
2025-01-27,16:07:21 [DEBUG] (state.py:state:628): Loading option 'get_tableau_clusters' from section [Query Objects Docstrings]...
2025-01-27,16:07:21 [DEBUG] (state.py:state:650): Returning value '-- no docstring found in query function --'
2025-01-27,16:07:21 [DEBUG] (state.py:state:148): Collected endpoints: {'get_cluster_scores': {'description': 'Returns anomaly scores and cluster predictions', 'type': 'model', 'version': 2, 'dependencies': [], 'target': None, 'creation_time': 1737898366, 'last_modified_time': 1737900599, 'schema': None, 'is_public': False, 'docstring': '-- no docstring found in query function --'}, 'get_scores_and_clusters': {'description': 'Returns anomaly scores and cluster predictions', 'type': 'model', 'version': 2, 'dependencies': [], 'target': None, 'creation_time': 1737901183, 'last_modified_time': 1737901639, 'schema': None, 'is_public': False, 'docstring': '-- no docstring found in query function --'}, 'get_tableau_scores': {'description': 'Returns anomaly scores', 'type': 'model', 'version': 13, 'dependencies': [], 'target': None, 'creation_time': 1737901612, 'last_modified_time': 1737990440, 'schema': None, 'is_public': False, 'docstring': '-- no docstring found in query function --'}, 'get_tableau_clusters': {'description': 'Returns cluster assignments', 'type': 'model', 'version': 12, 'dependencies': [], 'target': None, 'creation_time': 1737901613, 'last_modified_time': 1737984787, 'schema': None, 'is_public': False, 'docstring': '-- no docstring found in query function --'}}
2025-01-27,16:07:21 [INFO] (state.py:state:657): Writing state to config
2025-01-27,16:07:21 [DEBUG] (util.py:util:19): State path is /opt/homebrew/lib/python3.11/site-packages/tabpy/tabpy_server
2025-01-27,16:07:21 [INFO] (state.py:state:657): Writing state to config
2025-01-27,16:07:21 [DEBUG] (util.py:util:19): State path is /opt/homebrew/lib/python3.11/site-packages/tabpy/tabpy_server
2025-01-27,16:07:21 [INFO] (state.py:state:657): Writing state to config
2025-01-27,16:07:21 [DEBUG] (util.py:util:19): State path is /opt/homebrew/lib/python3.11/site-packages/tabpy/tabpy_server
2025-01-27,16:07:21 [INFO] (state.py:state:657): Writing state to config
2025-01-27,16:07:21 [DEBUG] (util.py:util:19): State path is /opt/homebrew/lib/python3.11/site-packages/tabpy/tabpy_server
2025-01-27,16:07:21 [INFO] (state.py:state:657): Writing state to config
2025-01-27,16:07:21 [DEBUG] (util.py:util:19): State path is /opt/homebrew/lib/python3.11/site-packages/tabpy/tabpy_server
2025-01-27,16:07:21 [INFO] (state.py:state:657): Writing state to config
2025-01-27,16:07:21 [DEBUG] (util.py:util:19): State path is /opt/homebrew/lib/python3.11/site-packages/tabpy/tabpy_server
2025-01-27,16:07:21 [INFO] (state.py:state:657): Writing state to config
2025-01-27,16:07:21 [DEBUG] (util.py:util:19): State path is /opt/homebrew/lib/python3.11/site-packages/tabpy/tabpy_server
2025-01-27,16:07:21 [INFO] (state.py:state:657): Writing state to config
2025-01-27,16:07:21 [DEBUG] (util.py:util:19): State path is /opt/homebrew/lib/python3.11/site-packages/tabpy/tabpy_server
2025-01-27,16:07:21 [INFO] (base_handler.py:base_handler:115): Loading state from state file
2025-01-27,16:07:21 [DEBUG] (state.py:state:628): Loading option 'None' from section [Query Objects Service Versions]...
2025-01-27,16:07:21 [DEBUG] (state.py:state:650): Returning value '['get_cluster_scores', 'get_scores_and_clusters', 'get_tableau_scores', 'get_tableau_clusters']'
2025-01-27,16:07:21 [DEBUG] (state.py:state:628): Loading option 'get_cluster_scores' from section [Query Objects Service Versions]...
2025-01-27,16:07:21 [DEBUG] (state.py:state:650): Returning value '{"description": "Returns anomaly scores and cluster predictions", "type": "model", "version": 2, "dependencies": [], "target": null, "creation_time": 1737898366, "last_modified_time": 1737900599, "schema": null, "is_public": false}'
2025-01-27,16:07:21 [DEBUG] (state.py:state:628): Loading option 'get_cluster_scores' from section [Query Objects Docstrings]...
2025-01-27,16:07:21 [DEBUG] (state.py:state:650): Returning value '-- no docstring found in query function --'
2025-01-27,16:07:21 [DEBUG] (state.py:state:628): Loading option 'get_scores_and_clusters' from section [Query Objects Service Versions]...
2025-01-27,16:07:21 [DEBUG] (state.py:state:650): Returning value '{"description": "Returns anomaly scores and cluster predictions", "type": "model", "version": 2, "dependencies": [], "target": null, "creation_time": 1737901183, "last_modified_time": 1737901639, "schema": null, "is_public": false}'
2025-01-27,16:07:21 [DEBUG] (state.py:state:628): Loading option 'get_scores_and_clusters' from section [Query Objects Docstrings]...
2025-01-27,16:07:21 [DEBUG] (state.py:state:650): Returning value '-- no docstring found in query function --'
2025-01-27,16:07:21 [DEBUG] (state.py:state:628): Loading option 'get_tableau_scores' from section [Query Objects Service Versions]...
2025-01-27,16:07:21 [DEBUG] (state.py:state:650): Returning value '{"description": "Returns anomaly scores", "type": "model", "version": 13, "dependencies": [], "target": null, "creation_time": 1737901612, "last_modified_time": 1737990440, "schema": null, "is_public": false}'
2025-01-27,16:07:21 [DEBUG] (state.py:state:628): Loading option 'get_tableau_scores' from section [Query Objects Docstrings]...
2025-01-27,16:07:21 [DEBUG] (state.py:state:650): Returning value '-- no docstring found in query function --'
2025-01-27,16:07:21 [DEBUG] (state.py:state:628): Loading option 'get_tableau_clusters' from section [Query Objects Service Versions]...
2025-01-27,16:07:21 [DEBUG] (state.py:state:650): Returning value '{"description": "Returns cluster assignments", "type": "model", "version": 13, "dependencies": [], "target": null, "creation_time": 1737901613, "last_modified_time": 1737990441, "schema": null, "is_public": false}'
2025-01-27,16:07:21 [DEBUG] (state.py:state:628): Loading option 'get_tableau_clusters' from section [Query Objects Docstrings]...
2025-01-27,16:07:21 [DEBUG] (state.py:state:650): Returning value '-- no docstring found in query function --'
2025-01-27,16:07:21 [DEBUG] (state.py:state:148): Collected endpoints: {'get_cluster_scores': {'description': 'Returns anomaly scores and cluster predictions', 'type': 'model', 'version': 2, 'dependencies': [], 'target': None, 'creation_time': 1737898366, 'last_modified_time': 1737900599, 'schema': None, 'is_public': False, 'docstring': '-- no docstring found in query function --'}, 'get_scores_and_clusters': {'description': 'Returns anomaly scores and cluster predictions', 'type': 'model', 'version': 2, 'dependencies': [], 'target': None, 'creation_time': 1737901183, 'last_modified_time': 1737901639, 'schema': None, 'is_public': False, 'docstring': '-- no docstring found in query function --'}, 'get_tableau_scores': {'description': 'Returns anomaly scores', 'type': 'model', 'version': 13, 'dependencies': [], 'target': None, 'creation_time': 1737901612, 'last_modified_time': 1737990440, 'schema': None, 'is_public': False, 'docstring': '-- no docstring found in query function --'}, 'get_tableau_clusters': {'description': 'Returns cluster assignments', 'type': 'model', 'version': 13, 'dependencies': [], 'target': None, 'creation_time': 1737901613, 'last_modified_time': 1737990441, 'schema': None, 'is_public': False, 'docstring': '-- no docstring found in query function --'}}
2025-01-27,16:07:21 [DEBUG] (state.py:state:628): Loading option 'None' from section [Query Objects Service Versions]...
2025-01-27,16:07:21 [DEBUG] (state.py:state:650): Returning value '['get_cluster_scores', 'get_scores_and_clusters', 'get_tableau_scores', 'get_tableau_clusters']'
2025-01-27,16:07:21 [DEBUG] (state.py:state:628): Loading option 'get_cluster_scores' from section [Query Objects Service Versions]...
2025-01-27,16:07:21 [DEBUG] (state.py:state:650): Returning value '{"description": "Returns anomaly scores and cluster predictions", "type": "model", "version": 2, "dependencies": [], "target": null, "creation_time": 1737898366, "last_modified_time": 1737900599, "schema": null, "is_public": false}'
2025-01-27,16:07:21 [DEBUG] (state.py:state:628): Loading option 'get_cluster_scores' from section [Query Objects Docstrings]...
2025-01-27,16:07:21 [DEBUG] (state.py:state:650): Returning value '-- no docstring found in query function --'
2025-01-27,16:07:21 [DEBUG] (state.py:state:628): Loading option 'get_scores_and_clusters' from section [Query Objects Service Versions]...
2025-01-27,16:07:21 [DEBUG] (state.py:state:650): Returning value '{"description": "Returns anomaly scores and cluster predictions", "type": "model", "version": 2, "dependencies": [], "target": null, "creation_time": 1737901183, "last_modified_time": 1737901639, "schema": null, "is_public": false}'
2025-01-27,16:07:21 [DEBUG] (state.py:state:628): Loading option 'get_scores_and_clusters' from section [Query Objects Docstrings]...
2025-01-27,16:07:21 [DEBUG] (state.py:state:650): Returning value '-- no docstring found in query function --'
2025-01-27,16:07:21 [DEBUG] (state.py:state:628): Loading option 'get_tableau_scores' from section [Query Objects Service Versions]...
2025-01-27,16:07:21 [DEBUG] (state.py:state:650): Returning value '{"description": "Returns anomaly scores", "type": "model", "version": 13, "dependencies": [], "target": null, "creation_time": 1737901612, "last_modified_time": 1737990440, "schema": null, "is_public": false}'
2025-01-27,16:07:21 [DEBUG] (state.py:state:628): Loading option 'get_tableau_scores' from section [Query Objects Docstrings]...
2025-01-27,16:07:21 [DEBUG] (state.py:state:650): Returning value '-- no docstring found in query function --'
2025-01-27,16:07:21 [DEBUG] (state.py:state:628): Loading option 'get_tableau_clusters' from section [Query Objects Service Versions]...
2025-01-27,16:07:21 [DEBUG] (state.py:state:650): Returning value '{"description": "Returns cluster assignments", "type": "model", "version": 13, "dependencies": [], "target": null, "creation_time": 1737901613, "last_modified_time": 1737990441, "schema": null, "is_public": false}'
2025-01-27,16:07:21 [DEBUG] (state.py:state:628): Loading option 'get_tableau_clusters' from section [Query Objects Docstrings]...
2025-01-27,16:07:21 [DEBUG] (state.py:state:650): Returning value '-- no docstring found in query function --'
2025-01-27,16:07:21 [DEBUG] (state.py:state:148): Collected endpoints: {'get_cluster_scores': {'description': 'Returns anomaly scores and cluster predictions', 'type': 'model', 'version': 2, 'dependencies': [], 'target': None, 'creation_time': 1737898366, 'last_modified_time': 1737900599, 'schema': None, 'is_public': False, 'docstring': '-- no docstring found in query function --'}, 'get_scores_and_clusters': {'description': 'Returns anomaly scores and cluster predictions', 'type': 'model', 'version': 2, 'dependencies': [], 'target': None, 'creation_time': 1737901183, 'last_modified_time': 1737901639, 'schema': None, 'is_public': False, 'docstring': '-- no docstring found in query function --'}, 'get_tableau_scores': {'description': 'Returns anomaly scores', 'type': 'model', 'version': 13, 'dependencies': [], 'target': None, 'creation_time': 1737901612, 'last_modified_time': 1737990440, 'schema': None, 'is_public': False, 'docstring': '-- no docstring found in query function --'}, 'get_tableau_clusters': {'description': 'Returns cluster assignments', 'type': 'model', 'version': 13, 'dependencies': [], 'target': None, 'creation_time': 1737901613, 'last_modified_time': 1737990441, 'schema': None, 'is_public': False, 'docstring': '-- no docstring found in query function --'}}
2025-01-27,16:07:21 [DEBUG] (python_service.py:python_service:39): Received request LoadObject
2025-01-27,16:07:21 [DEBUG] (python_service.py:python_service:53): Returning response LoadInProgress(uri='get_tableau_clusters', path='/opt/homebrew/lib/python3.11/site-packages/tabpy/tabpy_server/query_objects/get_tableau_clusters/13', version=13, is_update=True, endpoint_type='model')
2025-01-27,16:07:21 [INFO] (python_service.py:python_service:89): Loading object:, URI=get_tableau_clusters, URL=/opt/homebrew/lib/python3.11/site-packages/tabpy/tabpy_server/query_objects/get_tableau_clusters/13, version=13, is_updated=True
2025-01-27,16:07:21 [INFO] (callbacks.py:callbacks:24): Waiting for object to be loaded...
2025-01-27,16:07:21 [INFO] (query_object.py:query_object:80): Loaded query object "CustomQueryObject" successfully
2025-01-27,16:07:21 [DEBUG] (python_service.py:python_service:39): Received request ListObjects
2025-01-27,16:07:21 [DEBUG] (python_service.py:python_service:53): Returning response ObjectList(objects={'get_cluster_scores': {'version': 2, 'type': 'model', 'status': 'LoadSuccessful', 'reason': None}, 'get_scores_and_clusters': {'version': 2, 'type': 'model', 'status': 'LoadSuccessful', 'reason': None}, 'get_tableau_scores': {'version': 13, 'type': 'model', 'status': 'LoadSuccessful', 'reason': None}, 'get_tableau_clusters': {'version': 13, 'type': 'model', 'status': 'LoadSuccessful', 'reason': None}})
2025-01-27,16:07:21 [INFO] (callbacks.py:callbacks:35): Object load status: LoadSuccessful
2025-01-27,16:07:21 [DEBUG] (state.py:state:628): Loading option 'get_tableau_clusters' from section [Query Objects Service Versions]...
2025-01-27,16:07:21 [DEBUG] (state.py:state:650): Returning value '{"description": "Returns cluster assignments", "type": "model", "version": 13, "dependencies": [], "target": null, "creation_time": 1737901613, "last_modified_time": 1737990441, "schema": null, "is_public": false}'
2025-01-27,16:07:21 [DEBUG] (state.py:state:628): Loading option 'get_tableau_clusters' from section [Query Objects Docstrings]...
2025-01-27,16:07:21 [DEBUG] (state.py:state:650): Returning value '-- no docstring found in query function --'
2025-01-27,16:07:21 [DEBUG] (state.py:state:148): Collected endpoints: {'get_tableau_clusters': {'description': 'Returns cluster assignments', 'type': 'model', 'version': 13, 'dependencies': [], 'target': None, 'creation_time': 1737901613, 'last_modified_time': 1737990441, 'schema': None, 'is_public': False, 'docstring': '-- no docstring found in query function --'}}
2025-01-27,16:07:21 [INFO] (web.py:web:2348): 200 PUT /endpoints/get_tableau_clusters (::1) 6.42ms
2025-01-27,16:07:22 [DEBUG] (base_handler.py:base_handler:115): Checking if need to handle authentication
2025-01-27,16:07:22 [DEBUG] (base_handler.py:base_handler:115): Handling authentication
2025-01-27,16:07:22 [INFO] (base_handler.py:base_handler:115): Authentication is not a required feature for API "v1"
2025-01-27,16:07:22 [DEBUG] (base_handler.py:base_handler:115): Checking request headers for authentication data
2025-01-27,16:07:22 [INFO] (base_handler.py:base_handler:115): Authorization header not found
2025-01-27,16:07:22 [DEBUG] (base_handler.py:base_handler:115): authentication not required, username and password are none
2025-01-27,16:07:22 [DEBUG] (state.py:state:526): Collecting Access-Control-Allow-Origin from state file ...
2025-01-27,16:07:22 [DEBUG] (state.py:state:628): Loading option 'Access-Control-Allow-Origin' from section [Service Info]...
2025-01-27,16:07:22 [DEBUG] (state.py:state:650): Returning value ''
2025-01-27,16:07:22 [DEBUG] (state.py:state:628): Loading option 'Access-Control-Allow-Headers' from section [Service Info]...
2025-01-27,16:07:22 [DEBUG] (state.py:state:650): Returning value ''
2025-01-27,16:07:22 [DEBUG] (state.py:state:628): Loading option 'Access-Control-Allow-Methods' from section [Service Info]...
2025-01-27,16:07:22 [DEBUG] (state.py:state:650): Returning value ''
2025-01-27,16:07:22 [DEBUG] (base_handler.py:base_handler:115): Found models: {'get_cluster_scores': {'version': 2, 'type': 'model', 'status': 'LoadSuccessful', 'last_error': None}, 'get_scores_and_clusters': {'version': 2, 'type': 'model', 'status': 'LoadSuccessful', 'last_error': None}, 'get_tableau_scores': {'version': 13, 'type': 'model', 'status': 'LoadSuccessful', 'last_error': None}, 'get_tableau_clusters': {'version': 13, 'type': 'model', 'status': 'LoadSuccessful', 'last_error': None}}
2025-01-27,16:07:22 [INFO] (web.py:web:2348): 200 GET /status (::1) 2.88ms
